mode: set
gitlab.ozon.dev/qa/classroom-4/act-device-api/hw3/greeter.go:8.42,11.28 2 1
gitlab.ozon.dev/qa/classroom-4/act-device-api/hw3/greeter.go:18.2,19.68 2 1
gitlab.ozon.dev/qa/classroom-4/act-device-api/hw3/greeter.go:11.28,13.3 1 1
gitlab.ozon.dev/qa/classroom-4/act-device-api/hw3/greeter.go:13.8,13.36 1 1
gitlab.ozon.dev/qa/classroom-4/act-device-api/hw3/greeter.go:13.36,15.3 1 1
gitlab.ozon.dev/qa/classroom-4/act-device-api/hw3/greeter.go:15.8,15.36 1 1
gitlab.ozon.dev/qa/classroom-4/act-device-api/hw3/greeter.go:15.36,17.3 1 1
gitlab.ozon.dev/qa/classroom-4/act-device-api/hw3/greeter.go:22.45,25.28 2 1
gitlab.ozon.dev/qa/classroom-4/act-device-api/hw3/greeter.go:36.2,37.68 2 1
gitlab.ozon.dev/qa/classroom-4/act-device-api/hw3/greeter.go:25.28,27.3 1 1
gitlab.ozon.dev/qa/classroom-4/act-device-api/hw3/greeter.go:27.8,27.36 1 1
gitlab.ozon.dev/qa/classroom-4/act-device-api/hw3/greeter.go:27.36,29.3 1 1
gitlab.ozon.dev/qa/classroom-4/act-device-api/hw3/greeter.go:29.8,29.36 1 1
gitlab.ozon.dev/qa/classroom-4/act-device-api/hw3/greeter.go:29.36,31.3 1 1
gitlab.ozon.dev/qa/classroom-4/act-device-api/hw3/greeter.go:31.8,31.34 1 1
gitlab.ozon.dev/qa/classroom-4/act-device-api/hw3/greeter.go:31.34,33.3 1 1
gitlab.ozon.dev/qa/classroom-4/act-device-api/hw3/greeter.go:33.8,35.3 1 1
